\BOOKMARK [1][-]{section.1}{Introduction}{}% 1
\BOOKMARK [1][-]{section.2}{General Information}{}% 2
\BOOKMARK [2][-]{subsection.2.1}{System Overview}{section.2}% 3
\BOOKMARK [2][-]{subsection.2.2}{System Configuration}{section.2}% 4
\BOOKMARK [3][-]{subsubsection.2.2.1}{Installation}{subsection.2.2}% 5
\BOOKMARK [1][-]{section.3}{Getting Started}{}% 6
\BOOKMARK [1][-]{section.4}{Using the system}{}% 7
\BOOKMARK [2][-]{subsection.4.1}{Menu Scene}{section.4}% 8
\BOOKMARK [2][-]{subsection.4.2}{Predefined Scenes}{section.4}% 9
\BOOKMARK [2][-]{subsection.4.3}{Editor}{section.4}% 10
\BOOKMARK [2][-]{subsection.4.4}{Recent Scene}{section.4}% 11
\BOOKMARK [2][-]{subsection.4.5}{Scene Descriptor File}{section.4}% 12
\BOOKMARK [3][-]{subsubsection.4.5.1}{Shape}{subsection.4.5}% 13
\BOOKMARK [3][-]{subsubsection.4.5.2}{Light}{subsection.4.5}% 14
\BOOKMARK [2][-]{subsection.4.6}{Model}{section.4}% 15
\BOOKMARK [3][-]{subsubsection.4.6.1}{Colour}{subsection.4.6}% 16
\BOOKMARK [2][-]{subsection.4.7}{Texture}{section.4}% 17
\BOOKMARK [3][-]{subsubsection.4.7.1}{Collection}{subsection.4.7}% 18
\BOOKMARK [3][-]{subsubsection.4.7.2}{CustomCollection}{subsection.4.7}% 19
\BOOKMARK [3][-]{subsubsection.4.7.3}{SceneName}{subsection.4.7}% 20
\BOOKMARK [3][-]{subsubsection.4.7.4}{BackgroundColour}{subsection.4.7}% 21
\BOOKMARK [1][-]{section.5}{Troubleshooting}{}% 22
